Change Component Designator: Old Designator=C4_1 New Designator=C2
Change Component Designator: Old Designator=C4_2 New Designator=C6
Change Component Designator: Old Designator=C4_3 New Designator=C1
Change Component Designator: Old Designator=C4_4 New Designator=C5
Change Component Designator: Old Designator=C4_5 New Designator=C3
Change Component Designator: Old Designator=C4_7 New Designator=C8
Change Component Designator: Old Designator=C4_8 New Designator=C9
Change Component Designator: Old Designator=C4_9 New Designator=C10
Change Component Designator: Old Designator=C4_10 New Designator=C11
Change Component Designator: Old Designator=C4_11 New Designator=C12
Change Component Designator: Old Designator=C4_12 New Designator=C13
Change Component Designator: Old Designator=C4_13 New Designator=C14
Change Component Designator: Old Designator=C4_14 New Designator=C4
Change Component Designator: Old Designator=C4_15 New Designator=C7
Change Component Designator: Old Designator=D4_1 New Designator=D1
Change Component Designator: Old Designator=D4_2 New Designator=D2
Change Component Designator: Old Designator=D4_3 New Designator=D3
Change Component Designator: Old Designator=D4_4 New Designator=D4
Change Component Designator: Old Designator=P4_1 New Designator=P1
Change Component Designator: Old Designator=P4_2 New Designator=P2
Change Component Designator: Old Designator=R4_1 New Designator=R5
Change Component Designator: Old Designator=R4_2 New Designator=R7
Change Component Designator: Old Designator=R4_3 New Designator=R6
Change Component Designator: Old Designator=R4_4 New Designator=R1
Change Component Designator: Old Designator=R4_5 New Designator=R8
Change Component Designator: Old Designator=R4_6 New Designator=R4
Change Component Designator: Old Designator=R4_7 New Designator=R9
Change Component Designator: Old Designator=R4_8 New Designator=R10
Change Component Designator: Old Designator=R4_9 New Designator=R11
Change Component Designator: Old Designator=R4_10 New Designator=R12
Change Component Designator: Old Designator=R4_11 New Designator=R13
Change Component Designator: Old Designator=R4_12 New Designator=R2
Change Component Designator: Old Designator=R4_13 New Designator=R3
Change Component Designator: Old Designator=R4_14 New Designator=R14
Change Component Designator: Old Designator=R4_15 New Designator=R15
Change Component Designator: Old Designator=U4_1 New Designator=U1
Change Component Designator: Old Designator=U4_2 New Designator=U3
Change Component Designator: Old Designator=U4_3 New Designator=U2
