Added Pin To Net: NetName=GND Pin=C1_1-2
Added Pin To Net: NetName=GND Pin=C1_2-2
Added Pin To Net: NetName=GND Pin=C1_3-2
Added Pin To Net: NetName=GND Pin=C1_4-2
Added Pin To Net: NetName=GND Pin=C1_5-2
Added Pin To Net: NetName=GND Pin=C1_6-1
Added Pin To Net: NetName=GND Pin=C1_6-2
Added Pin To Net: NetName=GND Pin=C1_7-2
Added Pin To Net: NetName=GND Pin=C2_1-2
Added Pin To Net: NetName=GND Pin=C4_5-2
Added Pin To Net: NetName=GND Pin=C4_13-2
Added Pin To Net: NetName=GND Pin=C4_14-2
Added Pin To Net: NetName=GND Pin=C4_15-2
Added Pin To Net: NetName=GND Pin=P1_1-5
Added Pin To Net: NetName=GND Pin=P1_1-6
Added Pin To Net: NetName=GND Pin=P1_1-6
Added Pin To Net: NetName=GND Pin=P1_1-6
Added Pin To Net: NetName=GND Pin=P1_1-6
Added Pin To Net: NetName=GND Pin=P1_2-1
Added Pin To Net: NetName=GND Pin=P1_3-4
Added Pin To Net: NetName=GND Pin=P1_4-4
Added Pin To Net: NetName=GND Pin=P2_13-2
Added Pin To Net: NetName=GND Pin=P2_13-5
Added Pin To Net: NetName=GND Pin=R1_1-2
Added Pin To Net: NetName=GND Pin=R1_6-2
Added Pin To Net: NetName=GND Pin=R1_7-2
Added Pin To Net: NetName=GND Pin=R1_14-2
Added Pin To Net: NetName=GND Pin=R4_2-2
Added Pin To Net: NetName=GND Pin=R4_8-2
Added Pin To Net: NetName=GND Pin=R4_9-2
Added Pin To Net: NetName=GND Pin=R4_10-2
Added Pin To Net: NetName=GND Pin=R4_11-2
Added Pin To Net: NetName=GND Pin=R4_13-2
Added Pin To Net: NetName=GND Pin=R4_15-2
Added Pin To Net: NetName=GND Pin=S1_1-1
Added Pin To Net: NetName=GND Pin=S1_1-1
Added Pin To Net: NetName=GND Pin=S1_2-2
Added Pin To Net: NetName=GND Pin=S1_2-2
Added Pin To Net: NetName=GND Pin=U1_1-1
Added Pin To Net: NetName=GND Pin=U1_1-15
Added Pin To Net: NetName=GND Pin=U1_1-38
Added Pin To Net: NetName=GND Pin=U1_1-39
Added Pin To Net: NetName=GND Pin=U1_1-40
Added Pin To Net: NetName=GND Pin=U1_1-41
Added Pin To Net: NetName=GND Pin=U1_1-42
Added Pin To Net: NetName=GND Pin=U1_1-43
Added Pin To Net: NetName=GND Pin=U1_1-44
Added Pin To Net: NetName=GND Pin=U1_1-45
Added Pin To Net: NetName=GND Pin=U1_1-46
Added Pin To Net: NetName=GND Pin=U1_1-47
Added Pin To Net: NetName=GND Pin=U1_2-7
Added Pin To Net: NetName=GND Pin=U1_2-18
Added Pin To Net: NetName=GND Pin=U1_2-21
Added Pin To Net: NetName=GND Pin=U1_2-25
Added Pin To Net: NetName=GND Pin=U1_2-26
Added Pin To Net: NetName=GND Pin=U2_1-1
Added Pin To Net: NetName=GND Pin=U2_1-2
Added Pin To Net: NetName=GND Pin=U2_1-3
Added Pin To Net: NetName=GND Pin=U2_1-4
Added Pin To Net: NetName=GND Pin=U2_1-5
Added Pin To Net: NetName=GND Pin=U2_1-14
Added Pin To Net: NetName=GND Pin=U2_1-23
Added Pin To Net: NetName=GND Pin=U2_1-24
Added Pin To Net: NetName=GND Pin=U2_1-25
Added Pin To Net: NetName=GND Pin=U4_3-2
Added Pin To Net: NetName=GND Pin=U4_3-3
Added Pin To Net: NetName=GND Pin=U4_3-12
Added Pin To Net: NetName=GND Pin=U4_3-21
Added Member To Class: ClassName=main_control Member=Component C1_6 CML1206C0G470JT50V
Added Room: Name=brushed_motor_drivers
Added Room: Name=main_control
Added Room: Name=power_supply_and_battery_management
Added Room: Name=servo_driver_and_imu_device
