Change Component Designator: OldDesignator=C1_1 NewDesignator=C15
Change Component Designator: OldDesignator=C1_2 NewDesignator=C18
Change Component Designator: OldDesignator=C1_3 NewDesignator=C19
Change Component Designator: OldDesignator=C1_4 NewDesignator=C20
Change Component Designator: OldDesignator=C1_5 NewDesignator=C22
Change Component Designator: OldDesignator=C1_6 NewDesignator=C16
Change Component Designator: OldDesignator=C1_6 NewDesignator=C21
Change Component Designator: OldDesignator=C1_7 NewDesignator=C17
Change Component Designator: OldDesignator=C2_1 NewDesignator=C42
Change Component Designator: OldDesignator=C2_2 NewDesignator=C43
Change Component Designator: OldDesignator=C2_3 NewDesignator=C44
Change Component Designator: OldDesignator=C2_4 NewDesignator=C45
Change Component Designator: OldDesignator=C3_1 NewDesignator=C24
Change Component Designator: OldDesignator=C3_2 NewDesignator=C28
Change Component Designator: OldDesignator=C3_3 NewDesignator=C29
Change Component Designator: OldDesignator=C3_4 NewDesignator=C25
Change Component Designator: OldDesignator=C3_5 NewDesignator=C31
Change Component Designator: OldDesignator=C3_6 NewDesignator=C30
Change Component Designator: OldDesignator=C3_7 NewDesignator=C23
Change Component Designator: OldDesignator=C3_8 NewDesignator=C27
Change Component Designator: OldDesignator=C3_9 NewDesignator=C26
Change Component Designator: OldDesignator=C3_10 NewDesignator=C34
Change Component Designator: OldDesignator=C3_11 NewDesignator=C35
Change Component Designator: OldDesignator=C3_12 NewDesignator=C36
Change Component Designator: OldDesignator=C3_13 NewDesignator=C37
Change Component Designator: OldDesignator=C3_14 NewDesignator=C38
Change Component Designator: OldDesignator=C3_15 NewDesignator=C39
Change Component Designator: OldDesignator=C3_16 NewDesignator=C40
Change Component Designator: OldDesignator=C3_17 NewDesignator=C41
Change Component Designator: OldDesignator=C3_18 NewDesignator=C32
Change Component Designator: OldDesignator=C3_19 NewDesignator=C33
Change Component Designator: OldDesignator=D1_1 NewDesignator=D6
Change Component Designator: OldDesignator=D1_2 NewDesignator=D7
Change Component Designator: OldDesignator=D1_3 NewDesignator=D5
Change Component Designator: OldDesignator=D3_1 NewDesignator=D8
Change Component Designator: OldDesignator=D3_3 NewDesignator=D9
Change Component Designator: OldDesignator=D3_4 NewDesignator=D10
Change Component Designator: OldDesignator=D3_5 NewDesignator=D11
Change Component Designator: OldDesignator=D3_6 NewDesignator=D12
Change Component Designator: OldDesignator=D3_7 NewDesignator=D13
Change Component Designator: OldDesignator=D3_8 NewDesignator=D14
Change Component Designator: OldDesignator=L3_1 NewDesignator=L1
Change Component Designator: OldDesignator=L3_2 NewDesignator=L3
Change Component Designator: OldDesignator=L3_3 NewDesignator=L2
Change Component Designator: OldDesignator=M3_1 NewDesignator=M1
Change Component Designator: OldDesignator=M3_2 NewDesignator=M2
Change Component Designator: OldDesignator=M3_3 NewDesignator=M3
Change Component Designator: OldDesignator=M3_4 NewDesignator=M4
Change Component Designator: OldDesignator=M3_5 NewDesignator=M5
Change Component Designator: OldDesignator=P1_1 NewDesignator=P5
Change Component Designator: OldDesignator=P1_2 NewDesignator=P3
Change Component Designator: OldDesignator=P1_3 NewDesignator=P4
Change Component Designator: OldDesignator=P1_4 NewDesignator=P6
Change Component Designator: OldDesignator=P2_1 NewDesignator=P8
Change Component Designator: OldDesignator=P2_2 NewDesignator=P9
Change Component Designator: OldDesignator=P2_3 NewDesignator=P10
Change Component Designator: OldDesignator=P2_4 NewDesignator=P11
Change Component Designator: OldDesignator=P2_5 NewDesignator=P12
Change Component Designator: OldDesignator=P2_6 NewDesignator=P13
Change Component Designator: OldDesignator=P2_7 NewDesignator=P14
Change Component Designator: OldDesignator=P2_8 NewDesignator=P15
Change Component Designator: OldDesignator=P2_9 NewDesignator=P16
Change Component Designator: OldDesignator=P2_10 NewDesignator=P17
Change Component Designator: OldDesignator=P2_11 NewDesignator=P19
Change Component Designator: OldDesignator=P2_12 NewDesignator=P20
Change Component Designator: OldDesignator=P2_13 NewDesignator=P18
Change Component Designator: OldDesignator=P3_1 NewDesignator=P7
Change Component Designator: OldDesignator=Q1_1 NewDesignator=Q1
Change Component Designator: OldDesignator=Q1_2 NewDesignator=Q2
Change Component Designator: OldDesignator=Q2_1 NewDesignator=Q5
Change Component Designator: OldDesignator=Q2_2 NewDesignator=Q6
Change Component Designator: OldDesignator=Q3_1 NewDesignator=Q3
Change Component Designator: OldDesignator=Q3_2 NewDesignator=Q4
Change Component Designator: OldDesignator=R1_1 NewDesignator=R20
Change Component Designator: OldDesignator=R1_2 NewDesignator=R26
Change Component Designator: OldDesignator=R1_3 NewDesignator=R28
Change Component Designator: OldDesignator=R1_4 NewDesignator=R27
Change Component Designator: OldDesignator=R1_5 NewDesignator=R29
Change Component Designator: OldDesignator=R1_6 NewDesignator=R24
Change Component Designator: OldDesignator=R1_7 NewDesignator=R25
Change Component Designator: OldDesignator=R1_8 NewDesignator=R18
Change Component Designator: OldDesignator=R1_9 NewDesignator=R19
Change Component Designator: OldDesignator=R1_10 NewDesignator=R22
Change Component Designator: OldDesignator=R1_11 NewDesignator=R23
Change Component Designator: OldDesignator=R1_12 NewDesignator=R17
Change Component Designator: OldDesignator=R1_13 NewDesignator=R16
Change Component Designator: OldDesignator=R1_14 NewDesignator=R21
Change Component Designator: OldDesignator=R2_1 NewDesignator=R55
Change Component Designator: OldDesignator=R2_2 NewDesignator=R57
Change Component Designator: OldDesignator=R2_3 NewDesignator=R56
Change Component Designator: OldDesignator=R2_4 NewDesignator=R58
Change Component Designator: OldDesignator=R3_1 NewDesignator=R41
Change Component Designator: OldDesignator=R3_2 NewDesignator=R47
Change Component Designator: OldDesignator=R3_3 NewDesignator=R46
Change Component Designator: OldDesignator=R3_4 NewDesignator=R40
Change Component Designator: OldDesignator=R3_5 NewDesignator=R49
Change Component Designator: OldDesignator=R3_6 NewDesignator=R44
Change Component Designator: OldDesignator=R3_7 NewDesignator=R42
Change Component Designator: OldDesignator=R3_8 NewDesignator=R48
Change Component Designator: OldDesignator=R3_9 NewDesignator=R45
Change Component Designator: OldDesignator=R3_10 NewDesignator=R32
Change Component Designator: OldDesignator=R3_11 NewDesignator=R34
Change Component Designator: OldDesignator=R3_13 NewDesignator=R30
Change Component Designator: OldDesignator=R3_14 NewDesignator=R35
Change Component Designator: OldDesignator=R3_15 NewDesignator=R36
Change Component Designator: OldDesignator=R3_16 NewDesignator=R31
Change Component Designator: OldDesignator=R3_18 NewDesignator=R33
Change Component Designator: OldDesignator=R3_19 NewDesignator=R37
Change Component Designator: OldDesignator=R3_20 NewDesignator=R39
Change Component Designator: OldDesignator=R3_21 NewDesignator=R38
Change Component Designator: OldDesignator=R3_22 NewDesignator=R52
Change Component Designator: OldDesignator=R3_23 NewDesignator=R53
Change Component Designator: OldDesignator=R3_24 NewDesignator=R54
Change Component Designator: OldDesignator=R3_25 NewDesignator=R51
Change Component Designator: OldDesignator=R3_26 NewDesignator=R43
Change Component Designator: OldDesignator=R3_27 NewDesignator=R50
Change Component Designator: OldDesignator=S1_1 NewDesignator=S2
Change Component Designator: OldDesignator=S1_2 NewDesignator=S1
Change Component Designator: OldDesignator=S3_1 NewDesignator=S3
Change Component Designator: OldDesignator=T1_1 NewDesignator=T1
Change Component Designator: OldDesignator=T1_2 NewDesignator=T2
Change Component Designator: OldDesignator=T1_3 NewDesignator=T3
Change Component Designator: OldDesignator=T1_4 NewDesignator=T4
Change Component Designator: OldDesignator=T1_5 NewDesignator=T5
Change Component Designator: OldDesignator=T1_6 NewDesignator=T6
Change Component Designator: OldDesignator=T3_1 NewDesignator=T8
Change Component Designator: OldDesignator=T3_2 NewDesignator=T9
Change Component Designator: OldDesignator=T3_3 NewDesignator=T7
Change Component Designator: OldDesignator=T3_4 NewDesignator=T10
Change Component Designator: OldDesignator=T3_5 NewDesignator=T11
Change Component Designator: OldDesignator=T3_6 NewDesignator=T12
Change Component Designator: OldDesignator=T3_7 NewDesignator=T13
Change Component Designator: OldDesignator=T3_8 NewDesignator=T14
Change Component Designator: OldDesignator=T3_9 NewDesignator=T15
Change Component Designator: OldDesignator=T3_10 NewDesignator=T16
Change Component Designator: OldDesignator=T3_11 NewDesignator=T17
Change Component Designator: OldDesignator=T3_12 NewDesignator=T18
Change Component Designator: OldDesignator=U1_1 NewDesignator=U5
Change Component Designator: OldDesignator=U1_2 NewDesignator=U4
Change Component Designator: OldDesignator=U2_1 NewDesignator=U9
Change Component Designator: OldDesignator=U3_1 NewDesignator=U8
Change Component Designator: OldDesignator=U3_2 NewDesignator=U7
Change Component Designator: OldDesignator=U3_3 NewDesignator=U6
Added Component: Designator=R4_15(C1206)
Add component (AddParameter): Name = "LatestRevisionDate"; Value = "17-Jul-2002"; VariantName = "[No Variations]"
Add component (AddParameter): Name = "LatestRevisionNote"; Value = "Re-released for DXP Platform."; VariantName = "[No Variations]"
Add component (AddParameter): Name = "PackageDescription"; Value = "Axial Device, Thru-Hole; 2 Leads; 0.3 in Pin Spacing"; VariantName = "[No Variations]"
Add component (AddParameter): Name = "PackageReference"; Value = "AXIAL-0.3"; VariantName = "[No Variations]"
Add component (AddParameter): Name = "Published"; Value = "8-Jun-2000"; VariantName = "[No Variations]"
Add component (AddParameter): Name = "Publisher"; Value = "Altium Limited"; VariantName = "[No Variations]"
Add component (AddParameter): Name = "Value"; Value = "4K7"; VariantName = "[No Variations]"
Added Pin To Net: NetName=NetC4_15_1 Pin=R4_15-1
Added Pin To Net: NetName=GND Pin=R4_15-2
Change Net Name : Old Net Name=NetC1_1_1 New Net Name=NetC15_1
Change Net Name : Old Net Name=NetC1_6_2 New Net Name=NetC16_2
Change Net Name : Old Net Name=NetC1_7_1 New Net Name=NetC17_1
Change Net Name : Old Net Name=NetC3_4_1 New Net Name=NetC25_1
Change Net Name : Old Net Name=NetC3_4_2 New Net Name=NetC25_2
Change Net Name : Old Net Name=NetC3_5_1 New Net Name=NetC31_1
Change Net Name : Old Net Name=NetC3_5_2 New Net Name=NetC31_2
Change Net Name : Old Net Name=NetC3_6_1 New Net Name=NetC30_1
Change Net Name : Old Net Name=NetC3_6_2 New Net Name=NetC30_2
Change Net Name : Old Net Name=NetC3_7_1 New Net Name=NetC23_1
Change Net Name : Old Net Name=NetC3_7_2 New Net Name=NetC23_2
Change Net Name : Old Net Name=NetC3_8_1 New Net Name=NetC27_1
Change Net Name : Old Net Name=NetC3_8_2 New Net Name=NetC27_2
Change Net Name : Old Net Name=NetC3_9_1 New Net Name=NetC26_1
Change Net Name : Old Net Name=NetC3_9_2 New Net Name=NetC26_2
Change Net Name : Old Net Name=NetD1_1_1 New Net Name=NetD6_1
Change Net Name : Old Net Name=NetD1_2_1 New Net Name=NetD7_1
Change Net Name : Old Net Name=NetD1_3_1 New Net Name=NetD5_1
Change Net Name : Old Net Name=NetD1_3_2 New Net Name=NetD5_2
Change Net Name : Old Net Name=NetD3_1_2 New Net Name=NetD8_2
Change Net Name : Old Net Name=NetD3_5_1 New Net Name=NetD11_1
Change Net Name : Old Net Name=NetD3_6_2 New Net Name=NetD12_2
Change Net Name : Old Net Name=NetD3_7_2 New Net Name=NetD13_2
Change Net Name : Old Net Name=NetD3_8_2 New Net Name=NetD14_2
Change Net Name : Old Net Name=NetP1_4_2 New Net Name=NetP6_2
Change Net Name : Old Net Name=NetP1_4_3 New Net Name=NetP6_3
Change Net Name : Old Net Name=NetP3_1_1 New Net Name=NetP7_1
Change Net Name : Old Net Name=NetQ2_1_1 New Net Name=NetQ5_1
Change Net Name : Old Net Name=NetQ2_2_1 New Net Name=NetQ6_1
Change Net Name : Old Net Name=NetQ3_2_1 New Net Name=NetQ4_1
Change Net Name : Old Net Name=NetR1_12_1 New Net Name=NetR17_1
Change Net Name : Old Net Name=NetR1_13_2 New Net Name=NetR16_2
Change Net Name : Old Net Name=NetR1_14_1 New Net Name=NetR21_1
Change Net Name : Old Net Name=NetR3_4_1 New Net Name=NetR40_1
Change Net Name : Old Net Name=NetR3_4_2 New Net Name=NetR40_2
Change Net Name : Old Net Name=NetR3_5_1 New Net Name=NetR48_2
Change Net Name : Old Net Name=NetR3_5_2 New Net Name=NetR49_2
Change Net Name : Old Net Name=NetR3_6_1 New Net Name=NetR44_1
Change Net Name : Old Net Name=NetR3_6_2 New Net Name=NetR44_2
Change Net Name : Old Net Name=NetR3_13_1 New Net Name=NetR30_1
Change Net Name : Old Net Name=NetR3_19_2 New Net Name=NetR37_2
Added Member To Class: ClassName=main_control Member=Component C16 CML1206C0G470JT50V
Added Member To Class: ClassName=brushed_motor_drivers Member=Component R4_15 Res1
Added Room: Name=brushed_motor_drivers
Added Room: Name=main_control
Added Room: Name=power_supply_and_battery_management
Added Room: Name=servo_driver_and_imu_device
