Added Component: Designator=R1_13(C1206)
Add component (AddParameter): Name = "LatestRevisionDate"; Value = "17-Jul-2002"; VariantName = "[No Variations]"
Add component (AddParameter): Name = "LatestRevisionNote"; Value = "Re-released for DXP Platform."; VariantName = "[No Variations]"
Add component (AddParameter): Name = "PackageDescription"; Value = "Axial Device, Thru-Hole; 2 Leads; 0.3 in Pin Spacing"; VariantName = "[No Variations]"
Add component (AddParameter): Name = "PackageReference"; Value = "AXIAL-0.3"; VariantName = "[No Variations]"
Add component (AddParameter): Name = "Published"; Value = "8-Jun-2000"; VariantName = "[No Variations]"
Add component (AddParameter): Name = "Publisher"; Value = "Altium Limited"; VariantName = "[No Variations]"
Add component (AddParameter): Name = "Value"; Value = "4K7"; VariantName = "[No Variations]"
Added Component: Designator=R1_14(C1206)
Add component (AddParameter): Name = "LatestRevisionDate"; Value = "17-Jul-2002"; VariantName = "[No Variations]"
Add component (AddParameter): Name = "LatestRevisionNote"; Value = "Re-released for DXP Platform."; VariantName = "[No Variations]"
Add component (AddParameter): Name = "PackageDescription"; Value = "Axial Device, Thru-Hole; 2 Leads; 0.3 in Pin Spacing"; VariantName = "[No Variations]"
Add component (AddParameter): Name = "PackageReference"; Value = "AXIAL-0.3"; VariantName = "[No Variations]"
Add component (AddParameter): Name = "Published"; Value = "8-Jun-2000"; VariantName = "[No Variations]"
Add component (AddParameter): Name = "Publisher"; Value = "Altium Limited"; VariantName = "[No Variations]"
Add component (AddParameter): Name = "Value"; Value = "4K7"; VariantName = "[No Variations]"
Added Component: Designator=S1_2(SW4-SMT)
Add component (AddParameter): Name = "LatestRevisionDate"; Value = "17-Jul-2002"; VariantName = "[No Variations]"
Add component (AddParameter): Name = "LatestRevisionNote"; Value = "Re-released for DXP Platform."; VariantName = "[No Variations]"
Add component (AddParameter): Name = "PackageDescription"; Value = "Switch; 2 Leads"; VariantName = "[No Variations]"
Add component (AddParameter): Name = "PackageReference"; Value = "SPST-2"; VariantName = "[No Variations]"
Add component (AddParameter): Name = "Published"; Value = "24-Mar-1999"; VariantName = "[No Variations]"
Add component (AddParameter): Name = "Publisher"; Value = "Altium Limited"; VariantName = "[No Variations]"
Added Pin To Net: NetName=3v3 Pin=R1_13-1
Added Pin To Net: NetName=GND Pin=R1_14-2
Added Pin To Net: NetName=GND Pin=S1_2-2
Added Pin To Net: NetName=GND Pin=S1_2-2
Added Pin To Net: NetName=NetR1_13_2 Pin=R1_13-2
Added Pin To Net: NetName=NetR1_13_2 Pin=S1_2-1
Added Pin To Net: NetName=NetR1_13_2 Pin=S1_2-1
Added Pin To Net: NetName=NetR1_13_2 Pin=U1_1-25
Added Net: Name=NetR1_13_2
Added Pin To Net: NetName=NetR1_14_1 Pin=R1_14-1
Added Pin To Net: NetName=NetR1_14_1 Pin=U1_1-24
Added Net: Name=NetR1_14_1
Added Member To Class: ClassName=main_control Member=Component R1_13 Res1
Added Member To Class: ClassName=main_control Member=Component R1_14 Res1
Added Member To Class: ClassName=main_control Member=Component S1_2 FSM4LPASTR
Added Room: Name=power_supply_and_battery_management
