Change Component Designator: Old Designator=C3_1 New Designator=C24
Change Component Designator: Old Designator=C3_2 New Designator=C28
Change Component Designator: Old Designator=C3_3 New Designator=C29
Change Component Designator: Old Designator=C3_4 New Designator=C25
Change Component Designator: Old Designator=C3_5 New Designator=C31
Change Component Designator: Old Designator=C3_6 New Designator=C30
Change Component Designator: Old Designator=C3_7 New Designator=C23
Change Component Designator: Old Designator=C3_8 New Designator=C27
Change Component Designator: Old Designator=C3_9 New Designator=C26
Change Component Designator: Old Designator=C3_10 New Designator=C34
Change Component Designator: Old Designator=C3_11 New Designator=C35
Change Component Designator: Old Designator=C3_12 New Designator=C36
Change Component Designator: Old Designator=C3_13 New Designator=C37
Change Component Designator: Old Designator=C3_14 New Designator=C38
Change Component Designator: Old Designator=C3_15 New Designator=C39
Change Component Designator: Old Designator=C3_16 New Designator=C40
Change Component Designator: Old Designator=C3_17 New Designator=C41
Change Component Designator: Old Designator=C3_18 New Designator=C32
Change Component Designator: Old Designator=C3_19 New Designator=C33
Change Component Designator: Old Designator=D3_1 New Designator=D8
Change Component Designator: Old Designator=D3_3 New Designator=D9
Change Component Designator: Old Designator=D3_4 New Designator=D10
Change Component Designator: Old Designator=D3_5 New Designator=D11
Change Component Designator: Old Designator=D3_6 New Designator=D12
Change Component Designator: Old Designator=D3_7 New Designator=D13
Change Component Designator: Old Designator=D3_8 New Designator=D14
Change Component Designator: Old Designator=L3_1 New Designator=L1
Change Component Designator: Old Designator=L3_2 New Designator=L3
Change Component Designator: Old Designator=L3_3 New Designator=L2
Change Component Designator: Old Designator=M3_1 New Designator=M1
Change Component Designator: Old Designator=M3_2 New Designator=M2
Change Component Designator: Old Designator=M3_3 New Designator=M3
Change Component Designator: Old Designator=M3_4 New Designator=M4
Change Component Designator: Old Designator=M3_5 New Designator=M5
Change Component Designator: Old Designator=P3_1 New Designator=P7
Change Component Designator: Old Designator=Q3_1 New Designator=Q3
Change Component Designator: Old Designator=Q3_2 New Designator=Q4
Change Component Designator: Old Designator=R3_1 New Designator=R41
Change Component Designator: Old Designator=R3_2 New Designator=R47
Change Component Designator: Old Designator=R3_3 New Designator=R46
Change Component Designator: Old Designator=R3_4 New Designator=R40
Change Component Designator: Old Designator=R3_5 New Designator=R49
Change Component Designator: Old Designator=R3_6 New Designator=R44
Change Component Designator: Old Designator=R3_7 New Designator=R42
Change Component Designator: Old Designator=R3_8 New Designator=R48
Change Component Designator: Old Designator=R3_9 New Designator=R45
Change Component Designator: Old Designator=R3_10 New Designator=R32
Change Component Designator: Old Designator=R3_11 New Designator=R34
Change Component Designator: Old Designator=R3_13 New Designator=R30
Change Component Designator: Old Designator=R3_14 New Designator=R35
Change Component Designator: Old Designator=R3_15 New Designator=R36
Change Component Designator: Old Designator=R3_16 New Designator=R31
Change Component Designator: Old Designator=R3_18 New Designator=R33
Change Component Designator: Old Designator=R3_19 New Designator=R37
Change Component Designator: Old Designator=R3_20 New Designator=R39
Change Component Designator: Old Designator=R3_21 New Designator=R38
Change Component Designator: Old Designator=R3_22 New Designator=R52
Change Component Designator: Old Designator=R3_23 New Designator=R53
Change Component Designator: Old Designator=R3_24 New Designator=R54
Change Component Designator: Old Designator=R3_25 New Designator=R51
Change Component Designator: Old Designator=R3_26 New Designator=R43
Change Component Designator: Old Designator=R3_27 New Designator=R50
Change Component Designator: Old Designator=S3_1 New Designator=S3
Change Component Designator: Old Designator=T3_1 New Designator=T8
Change Component Designator: Old Designator=T3_2 New Designator=T9
Change Component Designator: Old Designator=T3_3 New Designator=T7
Change Component Designator: Old Designator=T3_4 New Designator=T10
Change Component Designator: Old Designator=T3_5 New Designator=T11
Change Component Designator: Old Designator=T3_6 New Designator=T12
Change Component Designator: Old Designator=T3_7 New Designator=T13
Change Component Designator: Old Designator=T3_8 New Designator=T14
Change Component Designator: Old Designator=T3_9 New Designator=T15
Change Component Designator: Old Designator=T3_10 New Designator=T16
Change Component Designator: Old Designator=T3_11 New Designator=T17
Change Component Designator: Old Designator=T3_12 New Designator=T18
Change Component Designator: Old Designator=U3_1 New Designator=U8
Change Component Designator: Old Designator=U3_2 New Designator=U7
Change Component Designator: Old Designator=U3_3 New Designator=U6
