Change Component Designator: Old Designator=C1_1 New Designator=C15
Change Component Designator: Old Designator=C1_2 New Designator=C18
Change Component Designator: Old Designator=C1_3 New Designator=C19
Change Component Designator: Old Designator=C1_4 New Designator=C20
Change Component Designator: Old Designator=C1_5 New Designator=C22
Change Component Designator: Old Designator=C1_6 New Designator=C16
Change Component Designator: Old Designator=C1_6 New Designator=C21
Change Component Designator: Old Designator=C1_7 New Designator=C17
Change Component Designator: Old Designator=D1_1 New Designator=D6
Change Component Designator: Old Designator=D1_2 New Designator=D7
Change Component Designator: Old Designator=D1_3 New Designator=D5
Change Component Designator: Old Designator=P1_1 New Designator=P5
Change Component Designator: Old Designator=P1_2 New Designator=P3
Change Component Designator: Old Designator=P1_3 New Designator=P4
Change Component Designator: Old Designator=P1_4 New Designator=P6
Change Component Designator: Old Designator=Q1_1 New Designator=Q1
Change Component Designator: Old Designator=Q1_2 New Designator=Q2
Change Component Designator: Old Designator=R1_1 New Designator=R20
Change Component Designator: Old Designator=R1_2 New Designator=R26
Change Component Designator: Old Designator=R1_3 New Designator=R28
Change Component Designator: Old Designator=R1_4 New Designator=R27
Change Component Designator: Old Designator=R1_5 New Designator=R29
Change Component Designator: Old Designator=R1_6 New Designator=R24
Change Component Designator: Old Designator=R1_7 New Designator=R25
Change Component Designator: Old Designator=R1_8 New Designator=R18
Change Component Designator: Old Designator=R1_9 New Designator=R19
Change Component Designator: Old Designator=R1_10 New Designator=R22
Change Component Designator: Old Designator=R1_11 New Designator=R23
Change Component Designator: Old Designator=R1_12 New Designator=R17
Change Component Designator: Old Designator=R1_13 New Designator=R16
Change Component Designator: Old Designator=R1_14 New Designator=R21
Change Component Designator: Old Designator=S1_1 New Designator=S2
Change Component Designator: Old Designator=S1_2 New Designator=S1
Change Component Designator: Old Designator=T1_1 New Designator=T1
Change Component Designator: Old Designator=T1_2 New Designator=T2
Change Component Designator: Old Designator=T1_3 New Designator=T3
Change Component Designator: Old Designator=T1_4 New Designator=T4
Change Component Designator: Old Designator=T1_5 New Designator=T5
Change Component Designator: Old Designator=T1_6 New Designator=T6
Change Component Designator: Old Designator=U1_1 New Designator=U5
Change Component Designator: Old Designator=U1_2 New Designator=U4
