Change Component Designator: Old Designator=C2_1 New Designator=C42
Change Component Designator: Old Designator=C2_2 New Designator=C43
Change Component Designator: Old Designator=C2_3 New Designator=C44
Change Component Designator: Old Designator=C2_4 New Designator=C45
Change Component Designator: Old Designator=P2_1 New Designator=P8
Change Component Designator: Old Designator=P2_2 New Designator=P9
Change Component Designator: Old Designator=P2_3 New Designator=P10
Change Component Designator: Old Designator=P2_4 New Designator=P11
Change Component Designator: Old Designator=P2_5 New Designator=P12
Change Component Designator: Old Designator=P2_6 New Designator=P13
Change Component Designator: Old Designator=P2_7 New Designator=P14
Change Component Designator: Old Designator=P2_8 New Designator=P15
Change Component Designator: Old Designator=P2_9 New Designator=P16
Change Component Designator: Old Designator=P2_10 New Designator=P17
Change Component Designator: Old Designator=P2_11 New Designator=P19
Change Component Designator: Old Designator=P2_12 New Designator=P20
Change Component Designator: Old Designator=P2_13 New Designator=P18
Change Component Designator: Old Designator=Q2_1 New Designator=Q5
Change Component Designator: Old Designator=Q2_2 New Designator=Q6
Change Component Designator: Old Designator=R2_1 New Designator=R55
Change Component Designator: Old Designator=R2_2 New Designator=R57
Change Component Designator: Old Designator=R2_3 New Designator=R56
Change Component Designator: Old Designator=R2_4 New Designator=R58
Change Component Designator: Old Designator=U2_1 New Designator=U9
